<?xml version="1.0" encoding="UTF-8"?>
<!-- Generated by org.testng.reporters.JUnitXMLReporter -->
<testsuite ignored="0" hostname="LAPTOP-VUPTS4LP" failures="0" tests="3" name="Fee Scheduler Test Cases" time="147.355" errors="0" timestamp="2021-07-12T22:00:33 IST">
  <testcase classname="com.feescheduler.qa.login.LoginPageTest" name="loginPageTitleTest" time="0.142"/>
  <testcase classname="com.feescheduler.qa.login.LoginPageTest" name="loginTest" time="34.883"/>
  <testcase classname="com.feescheduler.qa.homepagetestcases.HomePageNavigateFSTest" name="navigateToFeeSchedulerTest" time="6.752"/>
</testsuite> <!-- Fee Scheduler Test Cases -->
