<?xml version="1.0" encoding="UTF-8"?>
<testsuite xmlns:xsi="http://www.w3.org/2001/XMLSchema-instance" xsi:noNamespaceSchemaLocation="https://maven.apache.org/surefire/maven-surefire-plugin/xsd/surefire-test-report.xsd" name="TestSuite" time="323.281" tests="4" errors="0" skipped="0" failures="2">
  <properties>
[...]
</properties>
  <testcase name="loginPageTitleTest" classname="com.feescheduler.qa.login.LoginPageTest" time="0.146"/>
  <testcase name="loginTest" classname="com.feescheduler.qa.login.LoginPageTest" time="13.723">
    <failure message="expected [RJHS] but found []" type="java.lang.AssertionError">java.lang.AssertionError: expected [RJHS] but found []
	at com.feescheduler.qa.login.LoginPageTest.loginTest(LoginPageTest.java:84)
</failure>
    <system-out><![CDATA[C:\Automation\Fee_Scheduler\FeeSchedulerTest
Before navigating to: 'https://rc3devfrontend.reimbursementcodes.com/'
Navigated to:'https://rc3devfrontend.reimbursementcodes.com/'
C:\Automation\Fee_Scheduler\FeeSchedulerTest
I am in onTestStart method loginTest start
Trying to find Element By : By.xpath: //*[@id='loginbtn']
Found Element By : By.xpath: //*[@id='loginbtn']
Trying to click on: [[ChromeDriver: chrome on WINDOWS (49b9687fd26782258f483f6c9273a6dc)] -> xpath: //*[@id='loginbtn']]
Clicked on: [[ChromeDriver: chrome on WINDOWS (49b9687fd26782258f483f6c9273a6dc)] -> xpath: //*[@id='loginbtn']]
Trying to find Element By : By.name: username
Found Element By : By.name: username
Trying to find Element By : By.name: password
Found Element By : By.name: password
Trying to find Element By : By.xpath: //*[@id='btnLoginSubmit1']
Found Element By : By.xpath: //*[@id='btnLoginSubmit1']
Trying to click on: [[ChromeDriver: chrome on WINDOWS (49b9687fd26782258f483f6c9273a6dc)] -> xpath: //*[@id='btnLoginSubmit1']]
Clicked on: [[ChromeDriver: chrome on WINDOWS (49b9687fd26782258f483f6c9273a6dc)] -> xpath: //*[@id='btnLoginSubmit1']]
C:\Automation\Fee_Scheduler\FeeSchedulerTest

I am in onTestFailure method loginTest failed
Screenshot captured for test case:loginTest
]]></system-out>
    <system-err><![CDATA[Starting ChromeDriver 91.0.4472.101 (af52a90bf87030dd1523486a1cd3ae25c5d76c9b-refs/branch-heads/4472@{#1462}) on port 48634
Only local connections are allowed.
Please see https://chromedriver.chromium.org/security-considerations for suggestions on keeping ChromeDriver safe.
ChromeDriver was started successfully.
Jul 16, 2021 8:39:21 PM org.openqa.selenium.remote.ProtocolHandshake createSession
INFO: Detected dialect: W3C
]]></system-err>
  </testcase>
  <testcase name="navigateToFeeSchedulerTest" classname="com.feescheduler.qa.homepagetestcases.HomePageNavigateFSTest" time="11.53"/>
  <testcase name="createNewFeeSchedulerTest" classname="com.feescheduler.qa.feeschedulertestcases.CreateNewFeeSchedulerTest" time="157.361">
    <failure message="element not interactable&#10;  (Session info: chrome=91.0.4472.124)&#10;Build info: version: &apos;3.141.59&apos;, revision: &apos;e82be7d358&apos;, time: &apos;2018-11-14T08:17:03&apos;&#10;System info: host: &apos;LAPTOP-VUPTS4LP&apos;, ip: &apos;192.168.225.141&apos;, os.name: &apos;Windows 10&apos;, os.arch: &apos;amd64&apos;, os.version: &apos;10.0&apos;, java.version: &apos;15.0.1&apos;&#10;Driver info: org.openqa.selenium.chrome.ChromeDriver&#10;Capabilities {acceptInsecureCerts: false, browserName: chrome, browserVersion: 91.0.4472.124, chrome: {chromedriverVersion: 91.0.4472.101 (af52a90bf870..., userDataDir: C:\Users\MANASJ~1\AppData\L...}, goog:chromeOptions: {debuggerAddress: localhost:60370}, javascriptEnabled: true, networkConnectionEnabled: false, pageLoadStrategy: normal, platform: WINDOWS, platformName: WINDOWS, proxy: Proxy(), setWindowRect: true, strictFileInteractability: false, timeouts: {implicit: 0, pageLoad: 300000, script: 30000}, unhandledPromptBehavior: dismiss and notify, webauthn:extension:largeBlob: true, webauthn:virtualAuthenticators: true}&#10;Session ID: b070f16181343cd5d47c42b83c7482a4" type="org.openqa.selenium.ElementNotInteractableException">org.openqa.selenium.ElementNotInteractableException: 
element not interactable
  (Session info: chrome=91.0.4472.124)
Build info: version: '3.141.59', revision: 'e82be7d358', time: '2018-11-14T08:17:03'
System info: host: 'LAPTOP-VUPTS4LP', ip: '192.168.225.141', os.name: 'Windows 10', os.arch: 'amd64', os.version: '10.0', java.version: '15.0.1'
Driver info: org.openqa.selenium.chrome.ChromeDriver
Capabilities {acceptInsecureCerts: false, browserName: chrome, browserVersion: 91.0.4472.124, chrome: {chromedriverVersion: 91.0.4472.101 (af52a90bf870..., userDataDir: C:\Users\MANASJ~1\AppData\L...}, goog:chromeOptions: {debuggerAddress: localhost:60370}, javascriptEnabled: true, networkConnectionEnabled: false, pageLoadStrategy: normal, platform: WINDOWS, platformName: WINDOWS, proxy: Proxy(), setWindowRect: true, strictFileInteractability: false, timeouts: {implicit: 0, pageLoad: 300000, script: 30000}, unhandledPromptBehavior: dismiss and notify, webauthn:extension:largeBlob: true, webauthn:virtualAuthenticators: true}
Session ID: b070f16181343cd5d47c42b83c7482a4
	at com.feescheduler.qa.feeschedulertestcases.CreateNewFeeSchedulerTest.createNewFeeSchedulerTest(CreateNewFeeSchedulerTest.java:157)
</failure>
    <system-out><![CDATA[C:\Automation\Fee_Scheduler\FeeSchedulerTest
Before navigating to: 'https://rc3devfrontend.reimbursementcodes.com/'
Navigated to:'https://rc3devfrontend.reimbursementcodes.com/'
C:\Automation\Fee_Scheduler\FeeSchedulerTest
C:\Automation\Fee_Scheduler\FeeSchedulerTest
Trying to find Element By : By.xpath: //*[@id='loginbtn']
Found Element By : By.xpath: //*[@id='loginbtn']
Trying to click on: [[ChromeDriver: chrome on WINDOWS (b070f16181343cd5d47c42b83c7482a4)] -> xpath: //*[@id='loginbtn']]
Clicked on: [[ChromeDriver: chrome on WINDOWS (b070f16181343cd5d47c42b83c7482a4)] -> xpath: //*[@id='loginbtn']]
Trying to find Element By : By.name: username
Found Element By : By.name: username
Trying to find Element By : By.name: password
Found Element By : By.name: password
Trying to find Element By : By.xpath: //*[@id='btnLoginSubmit1']
Found Element By : By.xpath: //*[@id='btnLoginSubmit1']
Trying to click on: [[ChromeDriver: chrome on WINDOWS (b070f16181343cd5d47c42b83c7482a4)] -> xpath: //*[@id='btnLoginSubmit1']]
Clicked on: [[ChromeDriver: chrome on WINDOWS (b070f16181343cd5d47c42b83c7482a4)] -> xpath: //*[@id='btnLoginSubmit1']]
C:\Automation\Fee_Scheduler\FeeSchedulerTest
Login – ReimbursementCodes
Trying to find Element By : By.xpath: //*[@id='terminateSession']
Found Element By : By.xpath: //*[@id='terminateSession']
Trying to click on: [[ChromeDriver: chrome on WINDOWS (b070f16181343cd5d47c42b83c7482a4)] -> xpath: //*[@id='terminateSession']]
Clicked on: [[ChromeDriver: chrome on WINDOWS (b070f16181343cd5d47c42b83c7482a4)] -> xpath: //*[@id='terminateSession']]
Trying to find Element By : By.name: username
Found Element By : By.name: username
Trying to find Element By : By.name: password
Found Element By : By.name: password
Trying to find Element By : By.xpath: //*[@id='btnLoginSubmit']
Found Element By : By.xpath: //*[@id='btnLoginSubmit']
Trying to click on: [[ChromeDriver: chrome on WINDOWS (b070f16181343cd5d47c42b83c7482a4)] -> xpath: //*[@id='btnLoginSubmit']]
Clicked on: [[ChromeDriver: chrome on WINDOWS (b070f16181343cd5d47c42b83c7482a4)] -> xpath: //*[@id='btnLoginSubmit']]
C:\Automation\Fee_Scheduler\FeeSchedulerTest
I am in onTestStart method createNewFeeSchedulerTest start
Trying to find Element By : By.xpath: //a/span[contains(text(),'Fee Scheduler')]
Found Element By : By.xpath: //a/span[contains(text(),'Fee Scheduler')]
No. of tabs: 1
Trying to find Element By : By.xpath: //button[contains(text(),'Kill Session and Open')]
Found Element By : By.xpath: //button[contains(text(),'Kill Session and Open')]
Trying to click on: [[ChromeDriver: chrome on WINDOWS (b070f16181343cd5d47c42b83c7482a4)] -> xpath: //button[contains(text(),'Kill Session and Open')]]
Clicked on: [[ChromeDriver: chrome on WINDOWS (b070f16181343cd5d47c42b83c7482a4)] -> xpath: //button[contains(text(),'Kill Session and Open')]]
Trying to find Element By : By.xpath: //li/a/span[contains(text(),'Fee Schedule')]
Found Element By : By.xpath: //li/a/span[contains(text(),'Fee Schedule')]
Trying to find Element By : By.xpath: //button[contains(text(),'Fee Schedule')]
Found Element By : By.xpath: //button[contains(text(),'Fee Schedule')]
Trying to click on: [[ChromeDriver: chrome on WINDOWS (b070f16181343cd5d47c42b83c7482a4)] -> xpath: //button[contains(text(),'Fee Schedule')]]
Clicked on: [[ChromeDriver: chrome on WINDOWS (b070f16181343cd5d47c42b83c7482a4)] -> xpath: //button[contains(text(),'Fee Schedule')]]
Trying to find Element By : By.xpath: //*[@id='feeScheduleName']
Found Element By : By.xpath: //*[@id='feeScheduleName']
Trying to find Element By : By.xpath: //*[@id='feeScheduleDesc']
Found Element By : By.xpath: //*[@id='feeScheduleDesc']
Trying to find Element By : By.xpath: //*[@id='effectiveDate']
Found Element By : By.xpath: //*[@id='effectiveDate']
Trying to find Element By : By.xpath: //*[@id='terminationDate']
Found Element By : By.xpath: //*[@id='terminationDate']
Trying to find Element By : By.xpath: //td[contains(text(),'AWP (Average Wholesale Price)')]//following::input[1]
Found Element By : By.xpath: //td[contains(text(),'AWP (Average Wholesale Price)')]//following::input[1]
Trying to find Element By : By.xpath: //td[contains(text(),'AWP (Average Wholesale Price)')]//following::input[2]
Found Element By : By.xpath: //td[contains(text(),'AWP (Average Wholesale Price)')]//following::input[2]
Trying to click on: [[ChromeDriver: chrome on WINDOWS (b070f16181343cd5d47c42b83c7482a4)] -> xpath: //td[contains(text(),'AWP (Average Wholesale Price)')]//following::input[2]]
Clicked on: [[ChromeDriver: chrome on WINDOWS (b070f16181343cd5d47c42b83c7482a4)] -> xpath: //td[contains(text(),'AWP (Average Wholesale Price)')]//following::input[2]]
Trying to find Element By : By.xpath: //button[contains(text(),'Save')]
Found Element By : By.xpath: //button[contains(text(),'Save')]
Trying to find Element By : By.xpath: //*[@placeholder='Search Fee Scheduler']
Found Element By : By.xpath: //*[@placeholder='Search Fee Scheduler']
Exception occured: org.openqa.selenium.ElementNotInteractableException: element not interactable
  (Session info: chrome=91.0.4472.124)
Build info: version: '3.141.59', revision: 'e82be7d358', time: '2018-11-14T08:17:03'
System info: host: 'LAPTOP-VUPTS4LP', ip: '192.168.225.141', os.name: 'Windows 10', os.arch: 'amd64', os.version: '10.0', java.version: '15.0.1'
Driver info: org.openqa.selenium.chrome.ChromeDriver
Capabilities {acceptInsecureCerts: false, browserName: chrome, browserVersion: 91.0.4472.124, chrome: {chromedriverVersion: 91.0.4472.101 (af52a90bf870..., userDataDir: C:\Users\MANASJ~1\AppData\L...}, goog:chromeOptions: {debuggerAddress: localhost:60370}, javascriptEnabled: true, networkConnectionEnabled: false, pageLoadStrategy: normal, platform: WINDOWS, platformName: WINDOWS, proxy: Proxy(), setWindowRect: true, strictFileInteractability: false, timeouts: {implicit: 0, pageLoad: 300000, script: 30000}, unhandledPromptBehavior: dismiss and notify, webauthn:extension:largeBlob: true, webauthn:virtualAuthenticators: true}
Session ID: b070f16181343cd5d47c42b83c7482a4
I am in onTestFailure method createNewFeeSchedulerTest failed
Screenshot captured for test case:createNewFeeSchedulerTest
]]></system-out>
    <system-err><![CDATA[Starting ChromeDriver 91.0.4472.101 (af52a90bf87030dd1523486a1cd3ae25c5d76c9b-refs/branch-heads/4472@{#1462}) on port 20290
Only local connections are allowed.
Please see https://chromedriver.chromium.org/security-considerations for suggestions on keeping ChromeDriver safe.
ChromeDriver was started successfully.
Jul 16, 2021 8:41:00 PM org.openqa.selenium.remote.ProtocolHandshake createSession
INFO: Detected dialect: W3C
]]></system-err>
  </testcase>
</testsuite>