<?xml version="1.0" encoding="UTF-8"?>
<testng-results ignored="0" total="1" passed="1" failed="0" skipped="0">
  <reporter-output>
  </reporter-output>
  <suite started-at="2021-07-16T20:16:54 IST" name="Default suite" finished-at="2021-07-16T20:18:37 IST" duration-ms="103302">
    <groups>
    </groups>
    <test started-at="2021-07-16T20:16:54 IST" name="Default test" finished-at="2021-07-16T20:18:37 IST" duration-ms="103302">
      <class name="com.feescheduler.qa.feeschedulertestcases.CreateNewFeeSchedulerTest">
        <test-method is-config="true" signature="setUP()[pri:0, instance:com.feescheduler.qa.feeschedulertestcases.CreateNewFeeSchedulerTest@acf859d]" started-at="2021-07-16T20:16:54 IST" name="setUP" finished-at="2021-07-16T20:17:38 IST" duration-ms="43863" status="PASS">
          <reporter-output>
          </reporter-output>
        </test-method> <!-- setUP -->
        <test-method signature="createNewFeeSchedulerTest()[pri:1, instance:com.feescheduler.qa.feeschedulertestcases.CreateNewFeeSchedulerTest@acf859d]" started-at="2021-07-16T20:17:38 IST" name="createNewFeeSchedulerTest" description="Create New FeeScheduler with Positive Data" finished-at="2021-07-16T20:18:37 IST" duration-ms="58412" status="PASS">
          <reporter-output>
          </reporter-output>
        </test-method> <!-- createNewFeeSchedulerTest -->
        <test-method is-config="true" signature="tearDown()[pri:0, instance:com.feescheduler.qa.feeschedulertestcases.CreateNewFeeSchedulerTest@acf859d]" started-at="2021-07-16T20:18:37 IST" name="tearDown" finished-at="2021-07-16T20:18:37 IST" duration-ms="659" status="PASS">
          <reporter-output>
          </reporter-output>
        </test-method> <!-- tearDown -->
      </class> <!-- com.feescheduler.qa.feeschedulertestcases.CreateNewFeeSchedulerTest -->
    </test> <!-- Default test -->
  </suite> <!-- Default suite -->
</testng-results>
